<?xml version="1.0" encoding="UTF-8"?>
<!-- Generated by org.testng.reporters.JUnitReportReporter -->
<testsuite skipped="0" hostname="ED-MacBook-Pro.local" name="net.ed.scraper.controller.verifyHomepageTitle" tests="1" failures="0" timestamp="30 Sep 2018 01:00:09 GMT" time="0.026" errors="0">
  <testcase name="verifyHomepageTitle" time="0.026" classname="net.ed.scraper.controller.verifyHomepageTitle"/>
</testsuite> <!-- net.ed.scraper.controller.verifyHomepageTitle -->
