<?xml version="1.0" encoding="UTF-8"?>
<!-- Generated by org.testng.reporters.JUnitReportReporter -->
<testsuite skipped="0" hostname="ED-MacBook-Pro.local" name="net.ed.scraper.controller.TestHomeController" tests="2" failures="0" timestamp="30 Sep 2018 14:22:47 GMT" time="0.716" errors="0">
  <testcase name="verifyHomepageTitle" time="0.308" classname="net.ed.scraper.controller.TestHomeController"/>
  <testcase name="verifyScraperTitle" time="0.408" classname="net.ed.scraper.controller.TestHomeController"/>
</testsuite> <!-- net.ed.scraper.controller.TestHomeController -->
