<?xml version="1.0" encoding="UTF-8"?>
<!-- Generated by org.testng.reporters.JUnitReportReporter -->
<testsuite skipped="0" hostname="ED-MacBook-Pro.local" name="net.ed.scraper.controller.TestHomeController" tests="3" failures="0" timestamp="01 Oct 2018 01:41:18 GMT" time="66.387" errors="0">
  <testcase name="verifyHomepageTitle" time="0.432" classname="net.ed.scraper.controller.TestHomeController"/>
  <testcase name="verifyYahooLogin" time="7.040" classname="net.ed.scraper.controller.TestHomeController"/>
  <testcase name="verifyScraperTitle" time="58.915" classname="net.ed.scraper.controller.TestHomeController"/>
</testsuite> <!-- net.ed.scraper.controller.TestHomeController -->
