<?xml version="1.0" encoding="UTF-8"?>
<!-- Generated by org.testng.reporters.JUnitReportReporter -->
<testsuite skipped="0" hostname="ED-MacBook-Pro.local" name="net.ed.scraper.controller.TestHomeController" tests="3" failures="0" timestamp="01 Oct 2018 02:03:08 GMT" time="54.039" errors="0">
  <testcase name="verifyScraperTitle" time="37.785" classname="net.ed.scraper.controller.TestHomeController"/>
  <testcase name="verifyHomepageTitle" time="5.635" classname="net.ed.scraper.controller.TestHomeController"/>
  <testcase name="verifyYahooLogin" time="10.619" classname="net.ed.scraper.controller.TestHomeController"/>
</testsuite> <!-- net.ed.scraper.controller.TestHomeController -->
